<?xml version="1.0" encoding="UTF-8"?>
<!-- Generated by org.testng.reporters.JUnitReportReporter -->
<testsuite hostname="DESKTOP-FJ4DCVT" failures="0" tests="8" name="selenium.daynine.Day9_1" time="0.016" errors="0" timestamp="7 Jun 2023 05:14:58 GMT">
  <testcase classname="selenium.daynine.Day9_1" name="multi" time="0.001"/>
  <testcase classname="selenium.daynine.Day9_1" name="add" time="0.001"/>
  <testcase classname="selenium.daynine.Day9_1" name="add" time="0.008"/>
  <testcase classname="selenium.daynine.Day9_1" name="div" time="0.001"/>
  <testcase classname="selenium.daynine.Day9_1" name="multi" time="0.001"/>
  <testcase classname="selenium.daynine.Day9_1" name="div" time="0.002"/>
  <testcase classname="selenium.daynine.Day9_1" name="sub" time="0.001"/>
  <testcase classname="selenium.daynine.Day9_1" name="sub" time="0.001"/>
</testsuite> <!-- selenium.daynine.Day9_1 -->
